<?xml version="1.0" encoding="UTF-8"?>
<!-- Generated by org.testng.reporters.JUnitXMLReporter -->
<testsuite hostname="LAPTOP-KMGMF20J" ignored="1" name="Test" tests="1" failures="0" timestamp="2020-05-15T15:28:03 IST" time="106.638" errors="0">
  <testcase name="testCheckoutPage" time="59.907" classname="android.ProductCheckoutTest"/>
  <testcase name="@BeforeTest killAllNodes" time="0.0" classname="android.LoginTest">
    <ignored/>
  </testcase> <!-- @BeforeTest killAllNodes -->
</testsuite> <!-- Test -->
