<?xml version="1.0" encoding="UTF-8"?>
<testng-results skipped="0" failed="0" ignored="0" total="1" passed="1">
  <reporter-output>
  </reporter-output>
  <suite name="Default suite" duration-ms="33491" started-at="2020-05-03T20:38:48 IST" finished-at="2020-05-03T20:39:22 IST">
    <groups>
    </groups>
    <test name="Default test" duration-ms="33491" started-at="2020-05-03T20:38:48 IST" finished-at="2020-05-03T20:39:22 IST">
      <class name="android.LoginTest">
        <test-method status="PASS" signature="killAllNodes()[pri:0, instance:android.LoginTest@76a3e297]" name="killAllNodes" is-config="true" duration-ms="3013" started-at="2020-05-03T20:38:48 IST" finished-at="2020-05-03T20:38:51 IST">
          <reporter-output>
          </reporter-output>
        </test-method> <!-- killAllNodes -->
        <test-method status="PASS" signature="testLogin()[pri:0, instance:android.LoginTest@76a3e297]" name="testLogin" duration-ms="30395" started-at="2020-05-03T20:38:51 IST" finished-at="2020-05-03T20:39:22 IST">
          <reporter-output>
          </reporter-output>
        </test-method> <!-- testLogin -->
      </class> <!-- android.LoginTest -->
    </test> <!-- Default test -->
  </suite> <!-- Default suite -->
</testng-results>
