<?xml version="1.0" encoding="UTF-8"?>
<testng-results skipped="0" failed="0" ignored="1" total="2" passed="1">
  <reporter-output>
    <line>
      <![CDATA[Directory already exists: C:\Users\Lenovo\MobileAssignment\TestReport]]>
    </line>
  </reporter-output>
  <suite name="Suite" duration-ms="94872" started-at="2020-05-18T21:56:41 IST" finished-at="2020-05-18T21:58:16 IST">
    <groups>
    </groups>
    <test name="Test" duration-ms="94872" started-at="2020-05-18T21:56:41 IST" finished-at="2020-05-18T21:58:16 IST">
      <class name="android.LoginTest">
        <test-method status="PASS" signature="killAllNodes()[pri:0, instance:android.LoginTest@1060b431]" name="killAllNodes" is-config="true" duration-ms="12" started-at="2020-05-18T21:56:41 IST" finished-at="2020-05-18T21:56:41 IST">
          <reporter-output>
          </reporter-output>
        </test-method> <!-- killAllNodes -->
      </class> <!-- android.LoginTest -->
      <class name="android.ProductCheckoutTest">
        <test-method status="PASS" signature="testLogin()[pri:0, instance:android.ProductCheckoutTest@612679d6]" name="testLogin" is-config="true" duration-ms="56841" started-at="2020-05-18T21:56:41 IST" finished-at="2020-05-18T21:57:38 IST">
          <reporter-output>
          </reporter-output>
        </test-method> <!-- testLogin -->
        <test-method status="PASS" signature="testCheckoutPage()[pri:0, instance:android.ProductCheckoutTest@612679d6]" name="testCheckoutPage" duration-ms="37971" started-at="2020-05-18T21:57:38 IST" finished-at="2020-05-18T21:58:16 IST">
          <reporter-output>
            <line>
              <![CDATA[Directory already exists: C:\Users\Lenovo\MobileAssignment\TestReport]]>
            </line>
          </reporter-output>
        </test-method> <!-- testCheckoutPage -->
      </class> <!-- android.ProductCheckoutTest -->
    </test> <!-- Test -->
  </suite> <!-- Suite -->
</testng-results>
